2024-09-04 14:29:53,689 - FighterLogger - DEBUG - Hand is:
[<CardTypes.GROUND: 10>, <CardTypes.GROUND: 10>, <CardTypes.GROUND: 10>, <CardTypes.ATTACK: 0>, <CardTypes.ATTACK: 0>, <CardTypes.ULTIMATE: -1>, <CardTypes.ATTACK: 0>, <CardTypes.ATTACK: 0>]
Index to play is: 1
2024-09-04 14:29:53,689 - FighterLogger - DEBUG - We cannot play a ground card! Changing index to 2, i: 0
2024-09-04 14:29:53,690 - FighterLogger - DEBUG - Hand is:
[<CardTypes.GROUND: 10>, <CardTypes.GROUND: 10>, <CardTypes.GROUND: 10>, <CardTypes.ATTACK: 0>, <CardTypes.ATTACK: 0>, <CardTypes.ULTIMATE: -1>, <CardTypes.ATTACK: 0>, <CardTypes.ATTACK: 0>]
Index to play is: 2
2024-09-04 14:29:53,690 - FighterLogger - DEBUG - We cannot play a ground card! Changing index to 3, i: 1
2024-09-04 14:40:20,477 - FighterLogger - DEBUG - Hand is:
[<CardTypes.DISABLED: 9>, <CardTypes.GROUND: 10>, <CardTypes.GROUND: 10>, <CardTypes.GROUND: 10>, <CardTypes.DISABLED: 9>, <CardTypes.DISABLED: 9>, <CardTypes.DISABLED: 9>, <CardTypes.GROUND: 10>]
Index to play is: 3
2024-09-04 14:40:20,477 - FighterLogger - DEBUG - We cannot play a ground card! Changing index to 4, i: 0
2024-09-04 14:40:58,057 - FightingStrategies - INFO - We have a shield ON from a previous run, disabling it!
2024-09-04 14:57:24,253 - FighterLogger - DEBUG - Hand is:
[<CardTypes.GROUND: 10>, <CardTypes.GROUND: 10>, <CardTypes.GROUND: 10>, <CardTypes.GROUND: 10>, <CardTypes.DISABLED: 9>, <CardTypes.RECOVERY: 2>, <CardTypes.ULTIMATE: -1>, <CardTypes.ATTACK: 0>]
Index to play is: 3
2024-09-04 14:57:24,253 - FighterLogger - DEBUG - We cannot play a ground card! Changing index to 4, i: 0
2024-09-04 15:23:17,413 - FighterLogger - DEBUG - Hand is:
[<CardTypes.DISABLED: 9>, <CardTypes.DISABLED: 9>, <CardTypes.DISABLED: 9>, <CardTypes.RECOVERY: 2>, <CardTypes.GROUND: 10>, <CardTypes.DISABLED: 9>, <CardTypes.DISABLED: 9>, <CardTypes.GROUND: 10>]
Index to play is: 4
2024-09-04 15:23:17,414 - FighterLogger - DEBUG - We cannot play a ground card! Changing index to 5, i: 0
2024-09-04 15:23:22,814 - FighterLogger - DEBUG - Hand is:
[<CardTypes.GROUND: 10>, <CardTypes.GROUND: 10>, <CardTypes.GROUND: 10>, <CardTypes.DISABLED: 9>, <CardTypes.DISABLED: 9>, <CardTypes.DISABLED: 9>, <CardTypes.GROUND: 10>, <CardTypes.GROUND: 10>]
Index to play is: 1
2024-09-04 15:23:22,815 - FighterLogger - DEBUG - We cannot play a ground card! Changing index to 2, i: 0
2024-09-04 15:23:22,816 - FighterLogger - DEBUG - Hand is:
[<CardTypes.GROUND: 10>, <CardTypes.GROUND: 10>, <CardTypes.GROUND: 10>, <CardTypes.DISABLED: 9>, <CardTypes.DISABLED: 9>, <CardTypes.DISABLED: 9>, <CardTypes.GROUND: 10>, <CardTypes.GROUND: 10>]
Index to play is: 2
2024-09-04 15:23:22,817 - FighterLogger - DEBUG - We cannot play a ground card! Changing index to 3, i: 1
2024-09-04 15:23:55,927 - FighterLogger - DEBUG - Hand is:
[<CardTypes.GROUND: 10>, <CardTypes.GROUND: 10>, <CardTypes.GROUND: 10>, <CardTypes.DISABLED: 9>, <CardTypes.DISABLED: 9>, <CardTypes.DISABLED: 9>, <CardTypes.GROUND: 10>, <CardTypes.GROUND: 10>]
Index to play is: 0
2024-09-04 15:23:55,928 - FighterLogger - DEBUG - We cannot play a ground card! Changing index to 1, i: 0
2024-09-04 15:23:55,928 - FighterLogger - DEBUG - Hand is:
[<CardTypes.GROUND: 10>, <CardTypes.GROUND: 10>, <CardTypes.GROUND: 10>, <CardTypes.DISABLED: 9>, <CardTypes.DISABLED: 9>, <CardTypes.DISABLED: 9>, <CardTypes.GROUND: 10>, <CardTypes.GROUND: 10>]
Index to play is: 1
2024-09-04 15:23:55,928 - FighterLogger - DEBUG - We cannot play a ground card! Changing index to 2, i: 1
2024-09-04 15:23:55,928 - FighterLogger - DEBUG - Hand is:
[<CardTypes.GROUND: 10>, <CardTypes.GROUND: 10>, <CardTypes.GROUND: 10>, <CardTypes.DISABLED: 9>, <CardTypes.DISABLED: 9>, <CardTypes.DISABLED: 9>, <CardTypes.GROUND: 10>, <CardTypes.GROUND: 10>]
Index to play is: 2
2024-09-04 15:23:55,928 - FighterLogger - DEBUG - We cannot play a ground card! Changing index to 3, i: 2
2024-09-04 15:24:19,924 - FighterLogger - DEBUG - Hand is:
[<CardTypes.GROUND: 10>, <CardTypes.GROUND: 10>, <CardTypes.DISABLED: 9>, <CardTypes.ULTIMATE: -1>, <CardTypes.DISABLED: 9>, <CardTypes.DISABLED: 9>, <CardTypes.GROUND: 10>, <CardTypes.GROUND: 10>]
Index to play is: -2
2024-09-04 15:24:19,924 - FighterLogger - DEBUG - We cannot play a ground card! Changing index to 7, i: 0
2024-09-04 15:24:19,924 - FighterLogger - DEBUG - Hand is:
[<CardTypes.GROUND: 10>, <CardTypes.GROUND: 10>, <CardTypes.DISABLED: 9>, <CardTypes.ULTIMATE: -1>, <CardTypes.DISABLED: 9>, <CardTypes.DISABLED: 9>, <CardTypes.GROUND: 10>, <CardTypes.GROUND: 10>]
Index to play is: 7
2024-09-04 15:24:19,925 - FighterLogger - DEBUG - We cannot play a ground card! Changing index to 0, i: 1
2024-09-04 15:24:19,925 - FighterLogger - DEBUG - Hand is:
[<CardTypes.GROUND: 10>, <CardTypes.GROUND: 10>, <CardTypes.DISABLED: 9>, <CardTypes.ULTIMATE: -1>, <CardTypes.DISABLED: 9>, <CardTypes.DISABLED: 9>, <CardTypes.GROUND: 10>, <CardTypes.GROUND: 10>]
Index to play is: 0
2024-09-04 15:24:19,925 - FighterLogger - DEBUG - We cannot play a ground card! Changing index to 1, i: 2
2024-09-04 15:24:19,926 - FighterLogger - DEBUG - Hand is:
[<CardTypes.GROUND: 10>, <CardTypes.GROUND: 10>, <CardTypes.DISABLED: 9>, <CardTypes.ULTIMATE: -1>, <CardTypes.DISABLED: 9>, <CardTypes.DISABLED: 9>, <CardTypes.GROUND: 10>, <CardTypes.GROUND: 10>]
Index to play is: 1
2024-09-04 15:24:19,926 - FighterLogger - DEBUG - We cannot play a ground card! Changing index to 2, i: 3
2024-09-04 15:24:24,228 - FighterLogger - DEBUG - Hand is:
[<CardTypes.GROUND: 10>, <CardTypes.GROUND: 10>, <CardTypes.GROUND: 10>, <CardTypes.DISABLED: 9>, <CardTypes.DISABLED: 9>, <CardTypes.DISABLED: 9>, <CardTypes.GROUND: 10>, <CardTypes.GROUND: 10>]
Index to play is: -2
2024-09-04 15:24:24,228 - FighterLogger - DEBUG - We cannot play a ground card! Changing index to 7, i: 0
2024-09-04 15:24:24,228 - FighterLogger - DEBUG - Hand is:
[<CardTypes.GROUND: 10>, <CardTypes.GROUND: 10>, <CardTypes.GROUND: 10>, <CardTypes.DISABLED: 9>, <CardTypes.DISABLED: 9>, <CardTypes.DISABLED: 9>, <CardTypes.GROUND: 10>, <CardTypes.GROUND: 10>]
Index to play is: 7
2024-09-04 15:24:24,228 - FighterLogger - DEBUG - We cannot play a ground card! Changing index to 0, i: 1
2024-09-04 15:24:24,228 - FighterLogger - DEBUG - Hand is:
[<CardTypes.GROUND: 10>, <CardTypes.GROUND: 10>, <CardTypes.GROUND: 10>, <CardTypes.DISABLED: 9>, <CardTypes.DISABLED: 9>, <CardTypes.DISABLED: 9>, <CardTypes.GROUND: 10>, <CardTypes.GROUND: 10>]
Index to play is: 0
2024-09-04 15:24:24,229 - FighterLogger - DEBUG - We cannot play a ground card! Changing index to 1, i: 2
2024-09-04 15:24:24,229 - FighterLogger - DEBUG - Hand is:
[<CardTypes.GROUND: 10>, <CardTypes.GROUND: 10>, <CardTypes.GROUND: 10>, <CardTypes.DISABLED: 9>, <CardTypes.DISABLED: 9>, <CardTypes.DISABLED: 9>, <CardTypes.GROUND: 10>, <CardTypes.GROUND: 10>]
Index to play is: 1
2024-09-04 15:24:24,229 - FighterLogger - DEBUG - We cannot play a ground card! Changing index to 2, i: 3
2024-09-04 15:24:24,229 - FighterLogger - DEBUG - Hand is:
[<CardTypes.GROUND: 10>, <CardTypes.GROUND: 10>, <CardTypes.GROUND: 10>, <CardTypes.DISABLED: 9>, <CardTypes.DISABLED: 9>, <CardTypes.DISABLED: 9>, <CardTypes.GROUND: 10>, <CardTypes.GROUND: 10>]
Index to play is: 2
2024-09-04 15:24:24,229 - FighterLogger - DEBUG - We cannot play a ground card! Changing index to 3, i: 4
2024-09-04 15:24:27,713 - FighterLogger - DEBUG - Hand is:
[<CardTypes.GROUND: 10>, <CardTypes.GROUND: 10>, <CardTypes.GROUND: 10>, <CardTypes.GROUND: 10>, <CardTypes.DISABLED: 9>, <CardTypes.DISABLED: 9>, <CardTypes.GROUND: 10>, <CardTypes.GROUND: 10>]
Index to play is: -2
2024-09-04 15:24:27,713 - FighterLogger - DEBUG - We cannot play a ground card! Changing index to 7, i: 0
2024-09-04 15:24:27,714 - FighterLogger - DEBUG - Hand is:
[<CardTypes.GROUND: 10>, <CardTypes.GROUND: 10>, <CardTypes.GROUND: 10>, <CardTypes.GROUND: 10>, <CardTypes.DISABLED: 9>, <CardTypes.DISABLED: 9>, <CardTypes.GROUND: 10>, <CardTypes.GROUND: 10>]
Index to play is: 7
2024-09-04 15:24:27,714 - FighterLogger - DEBUG - We cannot play a ground card! Changing index to 0, i: 1
2024-09-04 15:24:27,714 - FighterLogger - DEBUG - Hand is:
[<CardTypes.GROUND: 10>, <CardTypes.GROUND: 10>, <CardTypes.GROUND: 10>, <CardTypes.GROUND: 10>, <CardTypes.DISABLED: 9>, <CardTypes.DISABLED: 9>, <CardTypes.GROUND: 10>, <CardTypes.GROUND: 10>]
Index to play is: 0
2024-09-04 15:24:27,715 - FighterLogger - DEBUG - We cannot play a ground card! Changing index to 1, i: 2
2024-09-04 15:24:27,715 - FighterLogger - DEBUG - Hand is:
[<CardTypes.GROUND: 10>, <CardTypes.GROUND: 10>, <CardTypes.GROUND: 10>, <CardTypes.GROUND: 10>, <CardTypes.DISABLED: 9>, <CardTypes.DISABLED: 9>, <CardTypes.GROUND: 10>, <CardTypes.GROUND: 10>]
Index to play is: 1
2024-09-04 15:24:27,715 - FighterLogger - DEBUG - We cannot play a ground card! Changing index to 2, i: 3
2024-09-04 15:24:27,716 - FighterLogger - DEBUG - Hand is:
[<CardTypes.GROUND: 10>, <CardTypes.GROUND: 10>, <CardTypes.GROUND: 10>, <CardTypes.GROUND: 10>, <CardTypes.DISABLED: 9>, <CardTypes.DISABLED: 9>, <CardTypes.GROUND: 10>, <CardTypes.GROUND: 10>]
Index to play is: 2
2024-09-04 15:24:27,716 - FighterLogger - DEBUG - We cannot play a ground card! Changing index to 3, i: 4
2024-09-04 15:24:27,716 - FighterLogger - DEBUG - Hand is:
[<CardTypes.GROUND: 10>, <CardTypes.GROUND: 10>, <CardTypes.GROUND: 10>, <CardTypes.GROUND: 10>, <CardTypes.DISABLED: 9>, <CardTypes.DISABLED: 9>, <CardTypes.GROUND: 10>, <CardTypes.GROUND: 10>]
Index to play is: 3
2024-09-04 15:24:27,716 - FighterLogger - DEBUG - We cannot play a ground card! Changing index to 4, i: 5
2024-09-04 15:24:53,681 - FighterLogger - DEBUG - Hand is:
[<CardTypes.DISABLED: 9>, <CardTypes.DISABLED: 9>, <CardTypes.DISABLED: 9>, <CardTypes.DISABLED: 9>, <CardTypes.DISABLED: 9>, <CardTypes.DISABLED: 9>, <CardTypes.GROUND: 10>, <CardTypes.GROUND: 10>]
Index to play is: -2
2024-09-04 15:24:53,682 - FighterLogger - DEBUG - We cannot play a ground card! Changing index to 7, i: 0
2024-09-04 15:24:53,684 - FighterLogger - DEBUG - Hand is:
[<CardTypes.DISABLED: 9>, <CardTypes.DISABLED: 9>, <CardTypes.DISABLED: 9>, <CardTypes.DISABLED: 9>, <CardTypes.DISABLED: 9>, <CardTypes.DISABLED: 9>, <CardTypes.GROUND: 10>, <CardTypes.GROUND: 10>]
Index to play is: 7
2024-09-04 15:24:53,684 - FighterLogger - DEBUG - We cannot play a ground card! Changing index to 0, i: 1
2024-09-04 15:25:34,350 - FightingStrategies - INFO - We have a shield ON from a previous run, disabling it!
2024-09-04 15:33:46,970 - FightingStrategies - INFO - We have a shield ON from a previous run, disabling it!
2024-09-04 15:51:47,110 - FightingStrategies - INFO - We have a shield ON from a previous run, disabling it!
2024-09-04 15:54:44,563 - FighterLogger - DEBUG - Hand is:
[<CardTypes.GROUND: 10>, <CardTypes.GROUND: 10>, <CardTypes.ATTACK: 0>, <CardTypes.ATTACK: 0>, <CardTypes.GROUND: 10>, <CardTypes.ATTACK: 0>, <CardTypes.ATTACK: 0>, <CardTypes.RECOVERY: 2>]
Index to play is: 4
2024-09-04 15:54:44,563 - FighterLogger - DEBUG - We cannot play a ground card! Changing index to 5, i: 0
